<?xml version="1.0" encoding="utf-8"?><testsuites name="pytest tests"><testsuite name="pytest" errors="0" failures="0" skipped="0" tests="6" time="2.749" timestamp="2026-08-03T12:41:06.854750+00:00" hostname="agent-env-a1d48eb9-4baf-44a0-bdd8-21d914c976c8"><testcase classname="tests.test_cascade_dependencies.TestCascadeDependencies" name="test_login_and_project_access" time="0.651" /><testcase classname="tests.test_cascade_dependencies.TestCascadeDependencies" name="test_cascade_friday_end_snaps_to_monday" time="0.244" /><testcase classname="tests.test_cascade_dependencies.TestCascadeDependencies" name="test_transitive_cascade_A_B_C" time="0.383" /><testcase classname="tests.test_cascade_dependencies.TestCascadeDependencies" name="test_business_day_duration_preserved_no_hours" time="0.238" /><testcase classname="tests.test_cascade_dependencies.TestCascadeDependencies" name="test_manual_cascade_endpoint" time="0.277" /><testcase classname="tests.test_cascade_dependencies.TestCascadeDependencies" name="test_no_cascade_when_end_date_unchanged" time="0.901" /></testsuite></testsuites>