<?xml version="1.0" encoding="utf-8"?><testsuites name="pytest tests"><testsuite name="pytest" errors="0" failures="0" skipped="0" tests="7" time="2.682" timestamp="2026-07-24T13:19:08.239882+00:00" hostname="agent-env-dd02adb3-998a-4b57-9679-26b69e49768f"><testcase classname="backend.tests.test_iteration32_allocation_capacity_hours" name="test_utils_allocation_weekly_hours_respects_capacity" time="0.555" /><testcase classname="backend.tests.test_iteration32_allocation_capacity_hours.TestCreateAllocationHoursMode" name="test_hours_allocation_100_capacity" time="0.394" /><testcase classname="backend.tests.test_iteration32_allocation_capacity_hours.TestCreateAllocationHoursMode" name="test_hours_allocation_50_capacity" time="0.245" /><testcase classname="backend.tests.test_iteration32_allocation_capacity_hours.TestCreateAllocationHoursMode" name="test_hours_allocation_50_capacity_partial" time="0.217" /><testcase classname="backend.tests.test_iteration32_allocation_capacity_hours.TestMyAllocationsWeeklyHoursRespectsCapacity" name="test_admin_my_allocations_response_shape" time="0.145" /><testcase classname="backend.tests.test_iteration32_allocation_capacity_hours.TestMyAllocationsWeeklyHoursRespectsCapacity" name="test_riley_100pct_weekly_hours" time="0.480" /><testcase classname="backend.tests.test_iteration32_allocation_capacity_hours" name="test_utils_compute_allocation_hours_respects_capacity" time="0.595" /></testsuite></testsuites>