<?xml version="1.0" encoding="utf-8"?><testsuites name="pytest tests"><testsuite name="pytest" errors="0" failures="0" skipped="0" tests="12" time="10.423" timestamp="2026-07-20T01:28:44.675900+00:00" hostname="agent-env-41497d46-c1e5-4127-a85c-96495d9c6195"><testcase classname="test_iteration20_ai_security.TestResourcePrivilegeEscalation" name="test_legacy_add_risk_blocked" time="0.465" /><testcase classname="test_iteration20_ai_security.TestResourcePrivilegeEscalation" name="test_registry_create_resource_blocked" time="0.007" /><testcase classname="test_iteration20_ai_security.TestClientPrivilegeEscalation" name="test_legacy_add_risk_blocked" time="0.227" /><testcase classname="test_iteration20_ai_security.TestClientPrivilegeEscalation" name="test_registry_create_resource_blocked" time="0.004" /><testcase classname="test_iteration20_ai_security.TestAdminActionsWork" name="test_admin_add_risk_success" time="0.987" /><testcase classname="test_iteration20_ai_security.TestResourceDataScoping" name="test_resource_only_sees_own_project" time="0.663" /><testcase classname="test_iteration20_ai_security.TestClientDataScoping" name="test_client_scoping_and_no_allocation_pct" time="1.393" /><testcase classname="test_iteration20_ai_security.TestReadOnlyRefusal" name="test_resource_delete_project_refused" time="1.208" /><testcase classname="test_iteration20_ai_security.TestAdminChatActionRegression" name="test_admin_auto_execute_add_risk" time="2.156" /><testcase classname="test_iteration20_ai_security.TestLazyBlocks" name="test_admin_can_see_users" time="0.840" /><testcase classname="test_iteration20_ai_security.TestLazyBlocks" name="test_resource_cannot_see_users" time="1.017" /><testcase classname="test_iteration20_ai_security.TestConversationalTone" name="test_admin_response_readable" time="1.405" /></testsuite></testsuites>