<?xml version="1.0" encoding="utf-8"?><testsuites name="pytest tests"><testsuite name="pytest" errors="0" failures="0" skipped="0" tests="8" time="23.784" timestamp="2026-07-26T04:50:45.036400+00:00" hostname="agent-env-1c6bf447-8453-46a6-8247-6c9df4434ea1"><testcase classname="tests.test_iteration42_cover_slide.TestProjectPptCover" name="test_first_slide_is_branded_cover" time="5.835" /><testcase classname="tests.test_iteration42_cover_slide.TestProjectPptCover" name="test_client_name_and_period_on_cover" time="4.922" /><testcase classname="tests.test_iteration42_cover_slide.TestProjectPptCover" name="test_section_slides_have_no_slide_number_prefix" time="4.831" /><testcase classname="tests.test_iteration42_cover_slide.TestWbsPptCover" name="test_wbs_cover_has_wbs_subtitle" time="1.965" /><testcase classname="tests.test_iteration42_cover_slide.TestPdfCover" name="test_pdf_has_cover_page" time="5.174" /><testcase classname="tests.test_iteration42_cover_slide.TestPdfCover" name="test_print_html_contains_cover_marker" time="0.770" /><testcase classname="tests.test_iteration42_cover_slide.TestFetchCoverMetaResilience" name="test_invalid_project_id_returns_fallback" time="0.154" /><testcase classname="tests.test_iteration42_cover_slide.TestFetchCoverMetaResilience" name="test_valid_project_id_returns_full_meta" time="0.003" /></testsuite></testsuites>