<?xml version="1.0" encoding="utf-8"?><testsuites name="pytest tests"><testsuite name="pytest" errors="0" failures="0" skipped="0" tests="7" time="2.413" timestamp="2026-07-24T12:19:52.083862+00:00" hostname="agent-env-dd02adb3-998a-4b57-9679-26b69e49768f"><testcase classname="backend.tests.test_iteration32_allocation_capacity_hours" name="test_utils_allocation_weekly_hours_respects_capacity" time="0.649" /><testcase classname="backend.tests.test_iteration32_allocation_capacity_hours.TestCreateAllocationHoursMode" name="test_hours_allocation_100_capacity" time="0.340" /><testcase classname="backend.tests.test_iteration32_allocation_capacity_hours.TestCreateAllocationHoursMode" name="test_hours_allocation_50_capacity" time="0.252" /><testcase classname="backend.tests.test_iteration32_allocation_capacity_hours.TestCreateAllocationHoursMode" name="test_hours_allocation_50_capacity_partial" time="0.102" /><testcase classname="backend.tests.test_iteration32_allocation_capacity_hours.TestMyAllocationsWeeklyHoursRespectsCapacity" name="test_admin_my_allocations_response_shape" time="0.108" /><testcase classname="backend.tests.test_iteration32_allocation_capacity_hours.TestMyAllocationsWeeklyHoursRespectsCapacity" name="test_riley_100pct_weekly_hours" time="0.419" /><testcase classname="backend.tests.test_iteration32_allocation_capacity_hours" name="test_utils_compute_allocation_hours_respects_capacity" time="0.484" /></testsuite></testsuites>