<?xml version="1.0" encoding="utf-8"?><testsuites name="pytest tests"><testsuite name="pytest" errors="0" failures="0" skipped="1" tests="4" time="2.165" timestamp="2026-07-30T05:09:47.472840+00:00" hostname="agent-env-1c6bf447-8453-46a6-8247-6c9df4434ea1"><testcase classname="backend.tests.test_timesheet_update" name="test_login_riley" time="0.349" /><testcase classname="backend.tests.test_timesheet_update" name="test_riley_can_update_own_draft" time="0.806" /><testcase classname="backend.tests.test_timesheet_update" name="test_riley_cannot_update_submitted" time="0.854" /><testcase classname="backend.tests.test_timesheet_update" name="test_riley_cannot_update_others_entry" time="0.098"><skipped type="pytest.skip" message="can't list all timesheets: 405">/app/backend/tests/test_timesheet_update.py:199: can't list all timesheets: 405</skipped></testcase></testsuite></testsuites>