<?xml version="1.0" encoding="utf-8"?><testsuites name="pytest tests"><testsuite name="pytest" errors="0" failures="0" skipped="0" tests="9" time="6.269" timestamp="2026-08-13T00:37:25.541166+00:00" hostname="agent-env-a1d48eb9-4baf-44a0-bdd8-21d914c976c8"><testcase classname="backend.tests.test_iteration53_project_scoping" name="test_all_active_summary_admin_sees_all" time="0.456" /><testcase classname="backend.tests.test_iteration53_project_scoping" name="test_all_active_summary_dhruti_scoped" time="0.536" /><testcase classname="backend.tests.test_iteration53_project_scoping" name="test_health_scores_admin" time="0.180" /><testcase classname="backend.tests.test_iteration53_project_scoping" name="test_health_scores_dhruti_scoped" time="0.359" /><testcase classname="backend.tests.test_iteration53_project_scoping" name="test_pva_admin" time="0.116" /><testcase classname="backend.tests.test_iteration53_project_scoping" name="test_pva_dhruti_scoped" time="0.219" /><testcase classname="backend.tests.test_iteration53_project_scoping" name="test_projects_list_dhruti_scoped" time="0.239" /><testcase classname="backend.tests.test_iteration53_project_scoping" name="test_project_detail_403_for_non_allocated" time="0.105" /><testcase classname="backend.tests.test_iteration53_project_scoping" name="test_ai_command_dhruti_scoped" time="3.997" /></testsuite></testsuites>