<?xml version="1.0" encoding="utf-8"?><testsuites name="pytest tests"><testsuite name="pytest" errors="0" failures="0" skipped="0" tests="5" time="1.586" timestamp="2026-08-03T12:17:39.321172+00:00" hostname="agent-env-a1d48eb9-4baf-44a0-bdd8-21d914c976c8"><testcase classname="backend.tests.test_iteration50_allocation_weekly_hours" name="test_allocations_return_weekly_hours" time="0.645" /><testcase classname="backend.tests.test_iteration50_allocation_weekly_hours" name="test_resources_and_target_capacities" time="0.230" /><testcase classname="backend.tests.test_iteration50_allocation_weekly_hours" name="test_akshaya_capacity" time="0.240" /><testcase classname="backend.tests.test_iteration50_allocation_weekly_hours" name="test_amrit_capacity_not_double_counted" time="0.302" /><testcase classname="backend.tests.test_iteration50_allocation_weekly_hours" name="test_hours_type_allocation_weekly_hours" time="0.117" /></testsuite></testsuites>