<?xml version="1.0" encoding="utf-8"?><testsuites name="pytest tests"><testsuite name="pytest" errors="0" failures="0" skipped="0" tests="9" time="1.169" timestamp="2026-07-30T23:50:19.952320+00:00" hostname="agent-env-a1d48eb9-4baf-44a0-bdd8-21d914c976c8"><testcase classname="backend.tests.test_iteration48_wbs_topo_recalc.TestRecalculateDates" name="test_recalculate_endpoint" time="0.522" /><testcase classname="backend.tests.test_iteration48_wbs_topo_recalc.TestRecalculateDates" name="test_end_dates_match_formula_after_recalc" time="0.143" /><testcase classname="backend.tests.test_iteration48_wbs_topo_recalc.TestRecalculateDates" name="test_milestones_not_recalculated" time="0.047" /><testcase classname="backend.tests.test_iteration48_wbs_topo_recalc.TestCreateTaskAutoEndDate" name="test_create_task_auto_end_date" time="0.103" /><testcase classname="backend.tests.test_iteration48_wbs_topo_recalc.TestCreateTaskAutoEndDate" name="test_create_task_20h_ceil" time="0.100" /><testcase classname="backend.tests.test_iteration48_wbs_topo_recalc.TestUpdateTaskAutoEndDate" name="test_update_estimated_hours_recomputes_end" time="0.145" /><testcase classname="backend.tests.test_iteration48_wbs_topo_recalc.TestTopologicalDependencyIntegrity" name="test_dependency_data_present" time="0.000" /><testcase classname="backend.tests.test_iteration48_wbs_topo_recalc.TestTopologicalDependencyIntegrity" name="test_wbs_returns_expected_task_count" time="0.000" /><testcase classname="backend.tests.test_iteration48_wbs_topo_recalc.TestReadOnlyReportAccess" name="test_get_wbs_readonly" time="0.045" /></testsuite></testsuites>