<?xml version="1.0" encoding="utf-8"?><testsuites name="pytest tests"><testsuite name="pytest" errors="0" failures="0" skipped="0" tests="6" time="2.050" timestamp="2026-07-25T12:54:47.011894+00:00" hostname="agent-env-dd02adb3-998a-4b57-9679-26b69e49768f"><testcase classname="backend.tests.test_iteration36_timesheet_manual_entry.TestAllActiveSummary" name="test_endpoint_accessible_for_resource" time="0.491" /><testcase classname="backend.tests.test_iteration36_timesheet_manual_entry.TestAllActiveSummary" name="test_returns_projects_not_allocated_to_riley" time="0.242" /><testcase classname="backend.tests.test_iteration36_timesheet_manual_entry.TestAllActiveSummary" name="test_response_shape" time="0.103" /><testcase classname="backend.tests.test_iteration36_timesheet_manual_entry.TestTimesheetForNonAllocatedProject" name="test_create_timesheet_for_non_allocated_project" time="0.420" /><testcase classname="backend.tests.test_iteration36_timesheet_manual_entry.TestTimesheetForNonAllocatedProject" name="test_project_detail_access_after_timesheet" time="0.415" /><testcase classname="backend.tests.test_iteration36_timesheet_manual_entry.TestAuth" name="test_login_form_encoded" time="0.322" /></testsuite></testsuites>