<?xml version="1.0" encoding="utf-8"?><testsuites name="pytest tests"><testsuite name="pytest" errors="0" failures="0" skipped="0" tests="6" time="21.745" timestamp="2026-07-26T04:37:37.686423+00:00" hostname="agent-env-1c6bf447-8453-46a6-8247-6c9df4434ea1"><testcase classname="backend.tests.test_iteration37_widescreen_exports.TestProjectPdfWidescreen" name="test_pdf_export_is_16_9" time="6.010" /><testcase classname="backend.tests.test_iteration37_widescreen_exports.TestProjectPdfWidescreen" name="test_wbs_pdf_export_is_16_9" time="2.118" /><testcase classname="backend.tests.test_iteration37_widescreen_exports.TestProjectPptWidescreen" name="test_ppt_export_is_16_9_multi_slide_preserved_aspect" time="6.087" /><testcase classname="backend.tests.test_iteration37_widescreen_exports.TestProjectPptWidescreen" name="test_wbs_ppt_export_is_16_9" time="2.129" /><testcase classname="backend.tests.test_iteration37_widescreen_exports.TestReportBodyHasWBS" name="test_report_html_contains_wbs_section" time="0.668" /><testcase classname="backend.tests.test_iteration37_widescreen_exports.TestExportPermissions" name="test_resource_pdf_access" time="4.587" /></testsuite></testsuites>