<?xml version="1.0" encoding="utf-8"?><testsuites name="pytest tests"><testsuite name="pytest" errors="0" failures="0" skipped="0" tests="21" time="4.380" timestamp="2026-07-20T22:35:24.535490+00:00" hostname="agent-env-b5c02725-80bf-4047-9b18-6471f82c8966"><testcase classname="tests.test_iteration26_resource_scoping.TestHealthRegression" name="test_health_check" time="0.141" /><testcase classname="tests.test_iteration26_resource_scoping.TestAllocationsScoping" name="test_admin_sees_all_allocations" time="0.448" /><testcase classname="tests.test_iteration26_resource_scoping.TestAllocationsScoping" name="test_riley_sees_only_own_allocations" time="0.430" /><testcase classname="tests.test_iteration26_resource_scoping.TestAllocationsScoping" name="test_riley_allocations_less_than_admin" time="0.218" /><testcase classname="tests.test_iteration26_resource_scoping.TestAllocationsScoping" name="test_riley_allocations_are_all_hers" time="0.247" /><testcase classname="tests.test_iteration26_resource_scoping.TestLeavesScoping" name="test_admin_sees_all_leaves" time="0.105" /><testcase classname="tests.test_iteration26_resource_scoping.TestLeavesScoping" name="test_riley_sees_only_own_leaves" time="0.148" /><testcase classname="tests.test_iteration26_resource_scoping.TestLeavesScoping" name="test_riley_can_create_leave_without_resource_id" time="0.147" /><testcase classname="tests.test_iteration26_resource_scoping.TestLeavesScoping" name="test_riley_leave_resource_id_matches_her_resource" time="0.101" /><testcase classname="tests.test_iteration26_resource_scoping.TestLeavesScoping" name="test_admin_cannot_create_leave_without_resource_id" time="0.116" /><testcase classname="tests.test_iteration26_resource_scoping.TestLeavesScoping" name="test_riley_can_delete_own_leave" time="0.106" /><testcase classname="tests.test_iteration26_resource_scoping.TestLeavesScoping" name="test_riley_cannot_delete_another_users_leave" time="0.524" /><testcase classname="tests.test_iteration26_resource_scoping.TestTimesheetHistory" name="test_riley_timesheets_history_shape" time="0.098" /><testcase classname="tests.test_iteration26_resource_scoping.TestTimesheetHistory" name="test_riley_history_scoped_to_her_resource" time="0.102" /><testcase classname="tests.test_iteration26_resource_scoping.TestTimesheetHistory" name="test_admin_timesheets_history_shape" time="0.117" /><testcase classname="tests.test_iteration26_resource_scoping.TestTimesheetHistory" name="test_timesheets_history_custom_weeks_param" time="0.109" /><testcase classname="tests.test_iteration26_resource_scoping.TestMyAllocationsRegression" name="test_riley_my_allocations" time="0.110" /><testcase classname="tests.test_iteration26_resource_scoping.TestMyAllocationsRegression" name="test_my_allocations_period_param" time="0.461" /><testcase classname="tests.test_iteration26_resource_scoping.TestAdminAllocationRegression" name="test_admin_can_list_allocations" time="0.103" /><testcase classname="tests.test_iteration26_resource_scoping.TestAdminAllocationRegression" name="test_admin_can_create_and_read_allocation" time="0.366" /><testcase classname="tests.test_iteration26_resource_scoping.TestAdminAllocationRegression" name="test_admin_cleanup_allocation" time="0.129" /></testsuite></testsuites>