<?xml version="1.0" encoding="utf-8"?><testsuites name="pytest tests"><testsuite name="pytest" errors="0" failures="0" skipped="0" tests="36" time="5.415" timestamp="2026-07-21T06:28:47.029040+00:00" hostname="agent-env-611fbd2c-5b82-43be-be91-090f9ea5eed1"><testcase classname="backend.tests.test_iteration29_integrations.TestIntegrationSettings" name="test_get_settings_super_admin" time="0.557" /><testcase classname="backend.tests.test_iteration29_integrations.TestIntegrationSettings" name="test_get_settings_structure_hubspot" time="0.101" /><testcase classname="backend.tests.test_iteration29_integrations.TestIntegrationSettings" name="test_get_settings_structure_agent_api" time="0.104" /><testcase classname="backend.tests.test_iteration29_integrations.TestIntegrationSettings" name="test_get_settings_regular_user_forbidden" time="0.423" /><testcase classname="backend.tests.test_iteration29_integrations.TestIntegrationSettings" name="test_get_settings_no_auth_forbidden" time="0.099" /><testcase classname="backend.tests.test_iteration29_integrations.TestIntegrationSettings" name="test_put_settings_hubspot_config" time="0.103" /><testcase classname="backend.tests.test_iteration29_integrations.TestIntegrationSettings" name="test_put_settings_portal_id_persisted" time="0.199" /><testcase classname="backend.tests.test_iteration29_integrations.TestIntegrationSettings" name="test_put_settings_regular_user_forbidden" time="0.099" /><testcase classname="backend.tests.test_iteration29_integrations.TestHubSpotTestConnection" name="test_test_with_invalid_token_returns_ok_false" time="0.297" /><testcase classname="backend.tests.test_iteration29_integrations.TestHubSpotTestConnection" name="test_test_connection_super_admin_only" time="0.106" /><testcase classname="backend.tests.test_iteration29_integrations.TestHubSpotTestConnection" name="test_test_with_empty_token_returns_400" time="0.199" /><testcase classname="backend.tests.test_iteration29_integrations.TestAgentApiKey" name="test_regenerate_creates_dda_key" time="0.108" /><testcase classname="backend.tests.test_iteration29_integrations.TestAgentApiKey" name="test_regenerate_key_returns_message" time="0.104" /><testcase classname="backend.tests.test_iteration29_integrations.TestAgentApiKey" name="test_regenerate_resource_user_forbidden" time="0.100" /><testcase classname="backend.tests.test_iteration29_integrations.TestAgentApiKey" name="test_new_key_marked_enabled_in_db" time="0.197" /><testcase classname="backend.tests.test_iteration29_integrations.TestSyncLogs" name="test_sync_logs_returns_array" time="0.100" /><testcase classname="backend.tests.test_iteration29_integrations.TestSyncLogs" name="test_sync_logs_super_admin_only" time="0.108" /><testcase classname="backend.tests.test_iteration29_integrations.TestSyncLogs" name="test_sync_logs_no_auth" time="0.091" /><testcase classname="backend.tests.test_iteration29_integrations.TestSyncLogs" name="test_sync_logs_has_entry_after_test" time="0.345" /><testcase classname="backend.tests.test_iteration29_integrations.TestMCPServer" name="test_get_mcp_no_auth_returns_manifest" time="0.104" /><testcase classname="backend.tests.test_iteration29_integrations.TestMCPServer" name="test_get_mcp_has_4_tools" time="0.099" /><testcase classname="backend.tests.test_iteration29_integrations.TestMCPServer" name="test_get_mcp_tool_names" time="0.103" /><testcase classname="backend.tests.test_iteration29_integrations.TestMCPServer" name="test_post_mcp_no_auth_returns_401" time="0.095" /><testcase classname="backend.tests.test_iteration29_integrations.TestMCPServer" name="test_post_mcp_invalid_key_returns_401" time="0.104" /><testcase classname="backend.tests.test_iteration29_integrations.TestMCPServer" name="test_post_mcp_initialize" time="0.207" /><testcase classname="backend.tests.test_iteration29_integrations.TestMCPServer" name="test_post_mcp_tools_list" time="0.112" /><testcase classname="backend.tests.test_iteration29_integrations.TestMCPServer" name="test_post_mcp_tools_call_list_projects" time="0.097" /><testcase classname="backend.tests.test_iteration29_integrations.TestMCPServer" name="test_post_mcp_tools_call_get_team_capacity" time="0.104" /><testcase classname="backend.tests.test_iteration29_integrations.TestMCPServer" name="test_post_mcp_tools_call_get_recent_updates" time="0.103" /><testcase classname="backend.tests.test_iteration29_integrations.TestMCPServer" name="test_post_mcp_unknown_method_returns_error" time="0.101" /><testcase classname="backend.tests.test_iteration29_integrations.TestMCPServer" name="test_post_mcp_tools_call_all_projects" time="0.106" /><testcase classname="backend.tests.test_iteration29_integrations.TestRegression" name="test_dashboard_loads" time="0.100" /><testcase classname="backend.tests.test_iteration29_integrations.TestRegression" name="test_resources_list" time="0.101" /><testcase classname="backend.tests.test_iteration29_integrations.TestRegression" name="test_projects_list" time="0.099" /><testcase classname="backend.tests.test_iteration29_integrations.TestRegression" name="test_riley_resource_dashboard" time="0.125" /><testcase classname="backend.tests.test_iteration29_integrations.TestRegression" name="test_status_updates_endpoint" time="0.112" /></testsuite></testsuites>