<?xml version="1.0" encoding="utf-8"?><testsuites name="pytest tests"><testsuite name="pytest" errors="0" failures="1" skipped="0" tests="13" time="2.763" timestamp="2026-07-20T04:08:14.216765+00:00" hostname="agent-env-41497d46-c1e5-4127-a85c-96495d9c6195"><testcase classname="test_iteration22_lifecycle.TestResourceLifecycle" name="test_full_lifecycle" time="0.267" /><testcase classname="test_iteration22_lifecycle.TestDeactivationSideEffects" name="test_side_effects" time="0.026" /><testcase classname="test_iteration22_lifecycle.TestLinkedUserAutoDisable" name="test_linked_user" time="0.458" /><testcase classname="test_iteration22_lifecycle.TestUserDisableEnable" name="test_disable_invalidates_existing_token_and_login" time="0.682" /><testcase classname="test_iteration22_lifecycle.TestUserGuards" name="test_cannot_disable_self" time="0.004" /><testcase classname="test_iteration22_lifecycle.TestUserGuards" name="test_cannot_delete_self" time="0.004" /><testcase classname="test_iteration22_lifecycle.TestUserGuards" name="test_plain_admin_cannot_disable_super_admin" time="0.463" /><testcase classname="test_iteration22_lifecycle.TestUserDelete" name="test_create_and_delete_throwaway" time="0.233" /><testcase classname="test_iteration22_lifecycle.TestCapacityExclusion" name="test_deactivated_not_in_report" time="0.015" /><testcase classname="test_iteration22_lifecycle.TestAIActions" name="test_delete_resource_with_history_fails" time="0.014" /><testcase classname="test_iteration22_lifecycle.TestAIActions" name="test_delete_resource_that_is_project_lead_should_fail" time="0.013"><failure message="AssertionError: BUG: AI delete_resource ignored project_lead_id guard. Response: {'success': True, 'message': &quot;Resource 'TEST_AILead_Delete' deleted (no history existed)&quot;}&#10;assert True is False&#10; +  where True = &lt;built-in method get of dict object at 0xf85304755d40&gt;('success')&#10; +    where &lt;built-in method get of dict object at 0xf85304755d40&gt; = {'message': &quot;Resource 'TEST_AILead_Delete' deleted (no history existed)&quot;, 'success': True}.get">/app/backend/tests/test_iteration22_lifecycle.py:443: in test_delete_resource_that_is_project_lead_should_fail
    assert body.get("success") is False, (
E   AssertionError: BUG: AI delete_resource ignored project_lead_id guard. Response: {'success': True, 'message': "Resource 'TEST_AILead_Delete' deleted (no history existed)"}
E   assert True is False
E    +  where True = &lt;built-in method get of dict object at 0xf85304755d40&gt;('success')
E    +    where &lt;built-in method get of dict object at 0xf85304755d40&gt; = {'message': "Resource 'TEST_AILead_Delete' deleted (no history existed)", 'success': True}.get</failure></testcase><testcase classname="test_iteration22_lifecycle.TestAIActions" name="test_deactivate_and_reactivate_via_ai" time="0.015" /><testcase classname="test_iteration22_lifecycle.TestAIActions" name="test_deactivate_confirmation_flow_as_plain_admin" time="0.469" /></testsuite></testsuites>