<?xml version="1.0" encoding="utf-8"?><testsuites name="pytest tests"><testsuite name="pytest" errors="0" failures="1" skipped="0" tests="14" time="2.454" timestamp="2026-07-19T22:22:10.678608+00:00" hostname="agent-env-41497d46-c1e5-4127-a85c-96495d9c6195"><testcase classname="test_iteration19_consistency.TestSanity" name="test_login" time="0.226" /><testcase classname="test_iteration19_consistency.TestSanity" name="test_projects_list" time="0.004" /><testcase classname="test_iteration19_consistency.TestConsistency" name="test_1_project_allocated_agrees_everywhere" time="0.020" /><testcase classname="test_iteration19_consistency.TestConsistency" name="test_2_phase_level_no_double_counting" time="0.008" /><testcase classname="test_iteration19_consistency.TestConsistency" name="test_3_hours_allocation_adds_total" time="0.024" /><testcase classname="test_iteration19_consistency.TestMyAllocationsWeekly" name="test_4_my_allocations_weekly_hours_40h" time="0.697" /><testcase classname="test_iteration19_consistency.TestAutoFill" name="test_autofill_phase_aware_and_holiday" time="0.681" /><testcase classname="test_iteration19_consistency.TestWbsLeafOnly" name="test_wbs_leaf_only" time="0.026"><failure message="AssertionError: total_wbs_hours expected 20 (leaf-only), got 40.0; resp={'is_valid': True, 'total_wbs_hours': 40.0, 'project_budget': 100.0, 'remaining': 60.0, 'warning': None}&#10;assert 40.0 == 20">/app/backend/tests/test_iteration19_consistency.py:554: in test_wbs_leaf_only
    assert total_wbs == 20, f"total_wbs_hours expected 20 (leaf-only), got {total_wbs}; resp={bstat}"
E   AssertionError: total_wbs_hours expected 20 (leaf-only), got 40.0; resp={'is_valid': True, 'total_wbs_hours': 40.0, 'project_budget': 100.0, 'remaining': 60.0, 'warning': None}
E   assert 40.0 == 20</failure></testcase><testcase classname="test_iteration19_consistency.TestInsights" name="test_insights_reads_actuals" time="0.670" /><testcase classname="test_iteration19_consistency.TestRegression" name="test_projects_list" time="0.003" /><testcase classname="test_iteration19_consistency.TestRegression" name="test_allocations_list" time="0.004" /><testcase classname="test_iteration19_consistency.TestRegression" name="test_capacity_report" time="0.006" /><testcase classname="test_iteration19_consistency.TestRegression" name="test_portfolio" time="0.006" /><testcase classname="test_iteration19_consistency.TestRegression" name="test_planned_vs_actual" time="0.006" /></testsuite></testsuites>