<?xml version="1.0" encoding="utf-8"?><testsuites name="pytest tests"><testsuite name="pytest" errors="0" failures="0" skipped="0" tests="11" time="4.017" timestamp="2026-07-22T10:56:15.190665+00:00" hostname="agent-env-dd02adb3-998a-4b57-9679-26b69e49768f"><testcase classname="backend.tests.test_iteration31_my_allocations_capacity.TestMyAllocationsRileyFullCapacity" name="test_endpoint_reachable" time="0.589" /><testcase classname="backend.tests.test_iteration31_my_allocations_capacity.TestMyAllocationsRileyFullCapacity" name="test_summary_has_new_fields" time="0.048" /><testcase classname="backend.tests.test_iteration31_my_allocations_capacity.TestMyAllocationsRileyFullCapacity" name="test_riley_standard_capacity_is_100" time="0.050" /><testcase classname="backend.tests.test_iteration31_my_allocations_capacity.TestMyAllocationsRileyFullCapacity" name="test_capacity_used_equals_raw_for_100pct_resource" time="0.047" /><testcase classname="backend.tests.test_iteration31_my_allocations_capacity.TestMyAllocationsRileyFullCapacity" name="test_available_hours_per_week_is_40_for_100pct" time="0.048" /><testcase classname="backend.tests.test_iteration31_my_allocations_capacity.TestMyAllocationsRileyFullCapacity" name="test_is_over_capacity_matches_raw_gt_standard" time="0.045" /><testcase classname="backend.tests.test_iteration31_my_allocations_capacity.TestMyAllocationsPartTime" name="test_30pct_resource_available_hours_is_12" time="1.785" /><testcase classname="backend.tests.test_iteration31_my_allocations_capacity.TestMyAllocationsPartTime" name="test_50pct_resource_available_hours_is_20" time="0.368" /><testcase classname="backend.tests.test_iteration31_my_allocations_capacity.TestMyAllocationsPartTime" name="test_30pct_resource_no_allocations_capacity_zero" time="0.411" /><testcase classname="backend.tests.test_iteration31_my_allocations_capacity.TestMyAllocationsPartTime" name="test_zero_capacity_resource_defaults_to_100" time="0.521" /><testcase classname="backend.tests.test_iteration31_my_allocations_capacity.TestCapacityFormulaViaAdminInspection" name="test_formula_documented_in_response_for_riley" time="0.046" /></testsuite></testsuites>