<?xml version="1.0" encoding="utf-8"?><testsuites name="pytest tests"><testsuite name="pytest" errors="0" failures="0" skipped="0" tests="39" time="7.420" timestamp="2026-07-20T12:45:56.343916+00:00" hostname="agent-env-b5c02725-80bf-4047-9b18-6471f82c8966"><testcase classname="backend.tests.test_iteration25_agentic_features.TestHealthRegression" name="test_health_endpoint" time="0.145" /><testcase classname="backend.tests.test_iteration25_agentic_features.TestSpecialistDetection" name="test_resource_trigger" time="0.001" /><testcase classname="backend.tests.test_iteration25_agentic_features.TestSpecialistDetection" name="test_budget_trigger" time="0.000" /><testcase classname="backend.tests.test_iteration25_agentic_features.TestSpecialistDetection" name="test_risk_trigger" time="0.000" /><testcase classname="backend.tests.test_iteration25_agentic_features.TestSpecialistDetection" name="test_schedule_trigger" time="0.000" /><testcase classname="backend.tests.test_iteration25_agentic_features.TestSpecialistDetection" name="test_no_trigger_returns_none" time="0.000" /><testcase classname="backend.tests.test_iteration25_agentic_features.TestSpecialistDetection" name="test_get_specialist_header_nonempty" time="0.000" /><testcase classname="backend.tests.test_iteration25_agentic_features.TestAIMemoryCRUD" name="test_create_global_memory" time="0.497" /><testcase classname="backend.tests.test_iteration25_agentic_features.TestAIMemoryCRUD" name="test_list_memories_includes_created" time="0.048" /><testcase classname="backend.tests.test_iteration25_agentic_features.TestAIMemoryCRUD" name="test_update_memory" time="0.045" /><testcase classname="backend.tests.test_iteration25_agentic_features.TestAIMemoryCRUD" name="test_delete_memory_soft" time="0.047" /><testcase classname="backend.tests.test_iteration25_agentic_features.TestAIMemoryCRUD" name="test_deleted_memory_not_in_list" time="0.045" /><testcase classname="backend.tests.test_iteration25_agentic_features.TestAIMemoryCRUD" name="test_create_memory_missing_title_400" time="0.043" /><testcase classname="backend.tests.test_iteration25_agentic_features.TestAIMemoryCRUD" name="test_create_memory_invalid_scope_400" time="0.049" /><testcase classname="backend.tests.test_iteration25_agentic_features.TestAIMemoryCRUD" name="test_update_nonexistent_memory_404" time="0.085" /><testcase classname="backend.tests.test_iteration25_agentic_features.TestAIMemoryCRUD" name="test_resource_user_can_create_memory" time="0.527" /><testcase classname="backend.tests.test_iteration25_agentic_features.TestProjectMemories" name="test_setup_memories" time="0.182" /><testcase classname="backend.tests.test_iteration25_agentic_features.TestProjectMemories" name="test_project_memory_endpoint_returns_both" time="0.047" /><testcase classname="backend.tests.test_iteration25_agentic_features.TestProjectMemories" name="test_cleanup_project_memories" time="0.089" /><testcase classname="backend.tests.test_iteration25_agentic_features.TestHealthMonitor" name="test_run_health_monitor_admin" time="0.050" /><testcase classname="backend.tests.test_iteration25_agentic_features.TestHealthMonitor" name="test_run_health_monitor_non_admin_403" time="0.052" /><testcase classname="backend.tests.test_iteration25_agentic_features.TestHealthMonitor" name="test_get_health_report_after_run" time="0.048" /><testcase classname="backend.tests.test_iteration25_agentic_features.TestHealthMonitor" name="test_health_report_non_admin_403" time="0.048" /><testcase classname="backend.tests.test_iteration25_agentic_features.TestHealthMonitor" name="test_findings_have_required_fields" time="0.047" /><testcase classname="backend.tests.test_iteration25_agentic_features.TestExecutePlan" name="test_execute_plan_empty_steps_400" time="0.044" /><testcase classname="backend.tests.test_iteration25_agentic_features.TestExecutePlan" name="test_execute_plan_too_many_steps_400" time="0.083" /><testcase classname="backend.tests.test_iteration25_agentic_features.TestExecutePlan" name="test_execute_plan_non_admin_403" time="0.051" /><testcase classname="backend.tests.test_iteration25_agentic_features.TestExecutePlan" name="test_execute_plan_single_valid_step" time="0.046" /><testcase classname="backend.tests.test_iteration25_agentic_features.TestExecutePlan" name="test_execute_plan_multi_step" time="0.047" /><testcase classname="backend.tests.test_iteration25_agentic_features.TestExecutePlan" name="test_execute_plan_stop_on_error" time="0.046" /><testcase classname="backend.tests.test_iteration25_agentic_features.TestExecutePlan" name="test_execute_plan_no_stop_on_error" time="0.052" /><testcase classname="backend.tests.test_iteration25_agentic_features.TestAIActionsDispatch" name="test_save_memory_via_dispatch" time="0.215" /><testcase classname="backend.tests.test_iteration25_agentic_features.TestAIActionsDispatch" name="test_run_health_check_via_dispatch" time="0.048" /><testcase classname="backend.tests.test_iteration25_agentic_features.TestAIActionsDispatch" name="test_save_memory_missing_fields" time="0.044" /><testcase classname="backend.tests.test_iteration25_agentic_features.TestActionRegistry" name="test_action_registry_count" time="0.327" /><testcase classname="backend.tests.test_iteration25_agentic_features.TestRegression" name="test_projects_list" time="0.044" /><testcase classname="backend.tests.test_iteration25_agentic_features.TestRegression" name="test_resources_list" time="0.044" /><testcase classname="backend.tests.test_iteration25_agentic_features.TestRegression" name="test_ai_chat_session_creation" time="4.067" /><testcase classname="backend.tests.test_iteration25_agentic_features.TestRegression" name="test_allocations_list" time="0.050" /></testsuite></testsuites>