<?xml version="1.0" encoding="utf-8"?><testsuites name="pytest tests"><testsuite name="pytest" errors="0" failures="0" skipped="0" tests="51" time="23.464" timestamp="2026-07-20T05:50:47.816839+00:00" hostname="agent-env-41497d46-c1e5-4127-a85c-96495d9c6195"><testcase classname="backend.tests.test_iteration19_consistency.TestSanity" name="test_login" time="0.226" /><testcase classname="backend.tests.test_iteration19_consistency.TestSanity" name="test_projects_list" time="0.004" /><testcase classname="backend.tests.test_iteration19_consistency.TestConsistency" name="test_1_project_allocated_agrees_everywhere" time="0.022" /><testcase classname="backend.tests.test_iteration19_consistency.TestConsistency" name="test_2_phase_level_no_double_counting" time="0.007" /><testcase classname="backend.tests.test_iteration19_consistency.TestConsistency" name="test_3_hours_allocation_adds_total" time="0.021" /><testcase classname="backend.tests.test_iteration19_consistency.TestMyAllocationsWeekly" name="test_4_my_allocations_weekly_hours_40h" time="0.694" /><testcase classname="backend.tests.test_iteration19_consistency.TestAutoFill" name="test_autofill_phase_aware_and_holiday" time="0.682" /><testcase classname="backend.tests.test_iteration19_consistency.TestWbsLeafOnly" name="test_wbs_leaf_only" time="0.032" /><testcase classname="backend.tests.test_iteration19_consistency.TestInsights" name="test_insights_reads_actuals" time="0.654" /><testcase classname="backend.tests.test_iteration19_consistency.TestRegression" name="test_projects_list" time="0.002" /><testcase classname="backend.tests.test_iteration19_consistency.TestRegression" name="test_allocations_list" time="0.003" /><testcase classname="backend.tests.test_iteration19_consistency.TestRegression" name="test_capacity_report" time="0.006" /><testcase classname="backend.tests.test_iteration19_consistency.TestRegression" name="test_portfolio" time="0.005" /><testcase classname="backend.tests.test_iteration19_consistency.TestRegression" name="test_planned_vs_actual" time="0.005" /><testcase classname="backend.tests.test_iteration20_ai_security.TestResourcePrivilegeEscalation" name="test_legacy_add_risk_blocked" time="0.457" /><testcase classname="backend.tests.test_iteration20_ai_security.TestResourcePrivilegeEscalation" name="test_registry_create_resource_blocked" time="0.005" /><testcase classname="backend.tests.test_iteration20_ai_security.TestClientPrivilegeEscalation" name="test_legacy_add_risk_blocked" time="0.227" /><testcase classname="backend.tests.test_iteration20_ai_security.TestClientPrivilegeEscalation" name="test_registry_create_resource_blocked" time="0.004" /><testcase classname="backend.tests.test_iteration20_ai_security.TestAdminActionsWork" name="test_admin_add_risk_success" time="1.578" /><testcase classname="backend.tests.test_iteration20_ai_security.TestResourceDataScoping" name="test_resource_only_sees_own_project" time="0.900" /><testcase classname="backend.tests.test_iteration20_ai_security.TestClientDataScoping" name="test_client_scoping_and_no_allocation_pct" time="1.343" /><testcase classname="backend.tests.test_iteration20_ai_security.TestReadOnlyRefusal" name="test_resource_delete_project_refused" time="1.133" /><testcase classname="backend.tests.test_iteration20_ai_security.TestAdminChatActionRegression" name="test_admin_auto_execute_add_risk" time="2.506" /><testcase classname="backend.tests.test_iteration20_ai_security.TestLazyBlocks" name="test_admin_can_see_users" time="0.942" /><testcase classname="backend.tests.test_iteration20_ai_security.TestLazyBlocks" name="test_resource_cannot_see_users" time="0.977" /><testcase classname="backend.tests.test_iteration20_ai_security.TestConversationalTone" name="test_admin_response_readable" time="2.364" /><testcase classname="backend.tests.test_iteration21_lead_permissions.TestLeadRestAllow" name="test_lead_can_update_own_project_budget" time="0.467" /><testcase classname="backend.tests.test_iteration21_lead_permissions.TestLeadRestDeny" name="test_lead_cannot_update_other_project" time="0.007" /><testcase classname="backend.tests.test_iteration21_lead_permissions.TestLeadRisks" name="test_lead_can_create_update_delete_risk" time="0.011" /><testcase classname="backend.tests.test_iteration21_lead_permissions.TestLeadStatusUpdates" name="test_lead_can_create_and_edit_status_update" time="0.503" /><testcase classname="backend.tests.test_iteration21_lead_permissions.TestLeadReschedule" name="test_lead_can_reschedule_own_project" time="0.024" /><testcase classname="backend.tests.test_iteration21_lead_permissions.TestLeadAiActionAllow" name="test_lead_add_risk_via_execute_action" time="2.001" /><testcase classname="backend.tests.test_iteration21_lead_permissions.TestLeadAiActionDenyOtherProject" name="test_lead_add_risk_on_other_project_denied" time="0.004" /><testcase classname="backend.tests.test_iteration21_lead_permissions.TestLeadAiActionDenyNonWhitelisted" name="test_lead_create_allocation_denied" time="0.002" /><testcase classname="backend.tests.test_iteration21_lead_permissions.TestLeadAiChatE2E" name="test_lead_chat_creates_status_update" time="2.542" /><testcase classname="backend.tests.test_iteration21_lead_permissions.TestClientReadOnly" name="test_client_add_risk_still_denied" time="0.228" /><testcase classname="backend.tests.test_iteration21_lead_permissions.TestAdminRegression" name="test_admin_can_still_update_any_project" time="0.009" /><testcase classname="backend.tests.test_iteration21_lead_permissions.TestPureResourceBlocked" name="test_non_lead_resource_blocked_when_lead_removed" time="0.007" /><testcase classname="backend.tests.test_iteration22_lifecycle.TestResourceLifecycle" name="test_full_lifecycle" time="0.257" /><testcase classname="backend.tests.test_iteration22_lifecycle.TestDeactivationSideEffects" name="test_side_effects" time="0.026" /><testcase classname="backend.tests.test_iteration22_lifecycle.TestLinkedUserAutoDisable" name="test_linked_user" time="0.460" /><testcase classname="backend.tests.test_iteration22_lifecycle.TestUserDisableEnable" name="test_disable_invalidates_existing_token_and_login" time="0.686" /><testcase classname="backend.tests.test_iteration22_lifecycle.TestUserGuards" name="test_cannot_disable_self" time="0.005" /><testcase classname="backend.tests.test_iteration22_lifecycle.TestUserGuards" name="test_cannot_delete_self" time="0.004" /><testcase classname="backend.tests.test_iteration22_lifecycle.TestUserGuards" name="test_plain_admin_cannot_disable_super_admin" time="0.469" /><testcase classname="backend.tests.test_iteration22_lifecycle.TestUserDelete" name="test_create_and_delete_throwaway" time="0.234" /><testcase classname="backend.tests.test_iteration22_lifecycle.TestCapacityExclusion" name="test_deactivated_not_in_report" time="0.017" /><testcase classname="backend.tests.test_iteration22_lifecycle.TestAIActions" name="test_delete_resource_with_history_fails" time="0.018" /><testcase classname="backend.tests.test_iteration22_lifecycle.TestAIActions" name="test_delete_resource_that_is_project_lead_should_fail" time="0.016" /><testcase classname="backend.tests.test_iteration22_lifecycle.TestAIActions" name="test_deactivate_and_reactivate_via_ai" time="0.019" /><testcase classname="backend.tests.test_iteration22_lifecycle.TestAIActions" name="test_deactivate_confirmation_flow_as_plain_admin" time="0.475" /></testsuite></testsuites>