<?xml version="1.0" encoding="utf-8"?><testsuites name="pytest tests"><testsuite name="pytest" errors="0" failures="0" skipped="3" tests="5" time="1.381" timestamp="2026-07-30T09:50:08.372427+00:00" hostname="agent-env-1c6bf447-8453-46a6-8247-6c9df4434ea1"><testcase classname="backend.tests.test_timesheet_enrichment.TestEnrichmentFields" name="test_my_week_returns_enriched_fields" time="0.548"><skipped type="pytest.skip" message="No timesheet entries for current week">/app/backend/tests/test_timesheet_enrichment.py:83: No timesheet entries for current week</skipped></testcase><testcase classname="backend.tests.test_timesheet_enrichment.TestEnrichmentFields" name="test_my_week_regression_fields_preserved" time="0.104"><skipped type="pytest.skip" message="No entries to validate">/app/backend/tests/test_timesheet_enrichment.py:112: No entries to validate</skipped></testcase><testcase classname="backend.tests.test_timesheet_enrichment.TestUnknownProjectRepro" name="test_create_entry_on_unallocated_project_and_verify_enrichment" time="0.479" /><testcase classname="backend.tests.test_timesheet_enrichment.TestSubmitWeekEndpoint" name="test_submit_week_responds" time="0.092" /><testcase classname="backend.tests.test_timesheet_enrichment.TestPlannedHoursRegression" name="test_update_planned_hours_persists" time="0.099"><skipped type="pytest.skip" message="No draft entry to update">/app/backend/tests/test_timesheet_enrichment.py:221: No draft entry to update</skipped></testcase></testsuite></testsuites>