<?xml version="1.0" encoding="utf-8"?><testsuites name="pytest tests"><testsuite name="pytest" errors="0" failures="0" skipped="0" tests="23" time="3.808" timestamp="2026-07-20T10:41:42.842091+00:00" hostname="agent-env-b5c02725-80bf-4047-9b18-6471f82c8966"><testcase classname="tests.test_iteration24_destructive_confirmation.TestRemoveAllocationConfirmation" name="test_no_token_returns_needs_confirmation" time="0.008" /><testcase classname="tests.test_iteration24_destructive_confirmation.TestRemoveAllocationConfirmation" name="test_valid_token_executes_deletion" time="0.006" /><testcase classname="tests.test_iteration24_destructive_confirmation.TestRemoveAllocationConfirmation" name="test_invalid_token_rejected_and_data_safe" time="0.002" /><testcase classname="tests.test_iteration24_destructive_confirmation.TestRemoveAllocationConfirmation" name="test_super_admin_bypasses_confirmation" time="0.006" /><testcase classname="tests.test_iteration24_destructive_confirmation.TestDeleteWbsTaskConfirmation" name="test_no_token_returns_needs_confirmation" time="0.007" /><testcase classname="tests.test_iteration24_destructive_confirmation.TestDeleteWbsTaskConfirmation" name="test_valid_token_executes_deletion" time="0.005" /><testcase classname="tests.test_iteration24_destructive_confirmation.TestDeleteWbsTaskConfirmation" name="test_super_admin_bypasses_confirmation" time="0.003" /><testcase classname="tests.test_iteration24_destructive_confirmation.TestManagePhases" name="test_merge_default_preserves_other_phases" time="0.004" /><testcase classname="tests.test_iteration24_destructive_confirmation.TestManagePhases" name="test_merge_explicit_preserves_others" time="0.003" /><testcase classname="tests.test_iteration24_destructive_confirmation.TestManagePhases" name="test_replace_mode_discards_existing" time="0.003" /><testcase classname="tests.test_iteration24_destructive_confirmation.TestManagePhases" name="test_merge_adds_new_phase_without_removing_existing" time="0.003" /><testcase classname="tests.test_iteration24_destructive_confirmation.TestManagePhases" name="test_merge_via_dispatch_action_no_confirmation_needed" time="0.005" /><testcase classname="tests.test_iteration24_destructive_confirmation.TestBuildActionsPrompt" name="test_remove_allocation_marked_destructive_in_prompt" time="0.000" /><testcase classname="tests.test_iteration24_destructive_confirmation.TestBuildActionsPrompt" name="test_delete_wbs_task_marked_destructive_in_prompt" time="0.000" /><testcase classname="tests.test_iteration24_destructive_confirmation.TestBuildActionsPrompt" name="test_update_project_not_marked_destructive" time="0.000" /><testcase classname="tests.test_iteration24_destructive_confirmation.TestBuildActionsPrompt" name="test_registry_flags_are_correct" time="0.000" /><testcase classname="tests.test_iteration24_destructive_confirmation.TestRegressionDestructiveHTTP" name="test_delete_project_needs_confirmation_for_admin" time="0.242" /><testcase classname="tests.test_iteration24_destructive_confirmation.TestRegressionDestructiveHTTP" name="test_delete_risk_needs_confirmation_for_admin" time="3.090" /><testcase classname="tests.test_iteration24_destructive_confirmation.TestRegressionNonDestructiveHTTP" name="test_update_project_executes_immediately" time="0.013" /><testcase classname="tests.test_iteration24_destructive_confirmation.TestRegressionNonDestructiveHTTP" name="test_create_resource_executes_immediately" time="0.010" /><testcase classname="tests.test_iteration24_destructive_confirmation.TestHealth" name="test_health_endpoint_ok" time="0.002" /><testcase classname="tests.test_iteration24_destructive_confirmation.TestHealth" name="test_remove_allocation_in_registry" time="0.000" /><testcase classname="tests.test_iteration24_destructive_confirmation.TestHealth" name="test_delete_wbs_task_in_registry" time="0.002" /></testsuite></testsuites>