<?xml version="1.0" encoding="utf-8"?><testsuites name="pytest tests"><testsuite name="pytest" errors="0" failures="0" skipped="0" tests="23" time="5.171" timestamp="2026-07-21T01:53:11.784051+00:00" hostname="agent-env-611fbd2c-5b82-43be-be91-090f9ea5eed1"><testcase classname="backend.tests.test_iteration28_resource_dashboard.TestRileyRole" name="test_riley_role_is_resource" time="2.168" /><testcase classname="backend.tests.test_iteration28_resource_dashboard.TestRileyRole" name="test_admin_role_is_super_admin" time="0.533" /><testcase classname="backend.tests.test_iteration28_resource_dashboard.TestMyAllocations" name="test_my_allocations_status_200" time="0.108" /><testcase classname="backend.tests.test_iteration28_resource_dashboard.TestMyAllocations" name="test_my_allocations_response_shape" time="0.106" /><testcase classname="backend.tests.test_iteration28_resource_dashboard.TestMyAllocations" name="test_my_allocations_weekly_hours_field" time="0.111" /><testcase classname="backend.tests.test_iteration28_resource_dashboard.TestMyAllocations" name="test_my_allocations_scoped_to_riley" time="0.111" /><testcase classname="backend.tests.test_iteration28_resource_dashboard.TestTimesheetHistory" name="test_timesheet_history_status_200" time="0.118" /><testcase classname="backend.tests.test_iteration28_resource_dashboard.TestTimesheetHistory" name="test_timesheet_history_shape" time="0.131" /><testcase classname="backend.tests.test_iteration28_resource_dashboard.TestTimesheetHistory" name="test_timesheet_history_weeks_count" time="0.104" /><testcase classname="backend.tests.test_iteration28_resource_dashboard.TestTimesheetHistory" name="test_timesheet_history_week_shape" time="0.107" /><testcase classname="backend.tests.test_iteration28_resource_dashboard.TestLeavesForDashboard" name="test_leaves_status_200" time="0.103" /><testcase classname="backend.tests.test_iteration28_resource_dashboard.TestLeavesForDashboard" name="test_leaves_returns_list" time="0.104" /><testcase classname="backend.tests.test_iteration28_resource_dashboard.TestLeavesForDashboard" name="test_leaves_scoped_to_riley" time="0.135" /><testcase classname="backend.tests.test_iteration28_resource_dashboard.TestActionItems" name="test_action_items_status_200" time="0.105" /><testcase classname="backend.tests.test_iteration28_resource_dashboard.TestActionItems" name="test_action_items_shape" time="0.116" /><testcase classname="backend.tests.test_iteration28_resource_dashboard.TestActionItems" name="test_action_items_for_admin" time="0.117" /><testcase classname="backend.tests.test_iteration28_resource_dashboard.TestAdminCommandCenter" name="test_admin_can_get_resources" time="0.128" /><testcase classname="backend.tests.test_iteration28_resource_dashboard.TestAdminCommandCenter" name="test_admin_can_get_projects" time="0.105" /><testcase classname="backend.tests.test_iteration28_resource_dashboard.TestAdminCommandCenter" name="test_admin_can_get_allocations" time="0.115" /><testcase classname="backend.tests.test_iteration28_resource_dashboard.TestAdminCommandCenter" name="test_admin_can_get_capacity_report" time="0.163" /><testcase classname="backend.tests.test_iteration28_resource_dashboard.TestRileyRegressionAPIs" name="test_riley_can_get_own_allocations" time="0.107" /><testcase classname="backend.tests.test_iteration28_resource_dashboard.TestRileyRegressionAPIs" name="test_riley_timesheet_history_default_weeks" time="0.107" /><testcase classname="backend.tests.test_iteration28_resource_dashboard.TestRileyRegressionAPIs" name="test_riley_cannot_see_all_resources" time="0.102" /></testsuite></testsuites>