<?xml version="1.0" encoding="utf-8"?><testsuites name="pytest tests"><testsuite name="pytest" errors="0" failures="0" skipped="0" tests="29" time="72.881" timestamp="2026-07-20T23:06:53.790673+00:00" hostname="agent-env-b5c02725-80bf-4047-9b18-6471f82c8966"><testcase classname="backend.tests.test_iteration27_resource_flow.TestHealthRegression" name="test_health_ok" time="68.265" /><testcase classname="backend.tests.test_iteration27_resource_flow.TestRileyLogin" name="test_riley_login_succeeds" time="0.381" /><testcase classname="backend.tests.test_iteration27_resource_flow.TestRileyLogin" name="test_riley_me_returns_resource_role" time="0.118" /><testcase classname="backend.tests.test_iteration27_resource_flow.TestMyAllocations" name="test_my_allocations_shape" time="0.104" /><testcase classname="backend.tests.test_iteration27_resource_flow.TestMyAllocations" name="test_my_allocations_weekly_hours_consistency" time="0.097" /><testcase classname="backend.tests.test_iteration27_resource_flow.TestMyAllocations" name="test_riley_50pct_allocation_is_20h" time="0.107" /><testcase classname="backend.tests.test_iteration27_resource_flow.TestMyAllocations" name="test_my_allocations_period_params" time="0.332" /><testcase classname="backend.tests.test_iteration27_resource_flow.TestMyAllocations" name="test_allocation_hours_math_100pct" time="0.000" /><testcase classname="backend.tests.test_iteration27_resource_flow.TestAllocationsScoping" name="test_admin_sees_all_allocations" time="0.435" /><testcase classname="backend.tests.test_iteration27_resource_flow.TestAllocationsScoping" name="test_admin_sees_expected_19_plus_allocations" time="0.105" /><testcase classname="backend.tests.test_iteration27_resource_flow.TestAllocationsScoping" name="test_riley_sees_only_own_allocations" time="0.102" /><testcase classname="backend.tests.test_iteration27_resource_flow.TestAllocationsScoping" name="test_riley_allocations_strictly_fewer_than_admin" time="0.215" /><testcase classname="backend.tests.test_iteration27_resource_flow.TestAllocationsScoping" name="test_riley_allocations_all_belong_to_her_resource" time="0.229" /><testcase classname="backend.tests.test_iteration27_resource_flow.TestLeavesScoping" name="test_admin_sees_all_leaves" time="0.096" /><testcase classname="backend.tests.test_iteration27_resource_flow.TestLeavesScoping" name="test_riley_gets_200_on_leaves" time="0.105" /><testcase classname="backend.tests.test_iteration27_resource_flow.TestLeavesScoping" name="test_riley_leaves_all_belong_to_her_resource" time="0.213" /><testcase classname="backend.tests.test_iteration27_resource_flow.TestLeavesCreateDelete" name="test_riley_creates_leave_without_resource_id" time="0.139" /><testcase classname="backend.tests.test_iteration27_resource_flow.TestLeavesCreateDelete" name="test_riley_leave_resource_id_matches_her_resource" time="0.109" /><testcase classname="backend.tests.test_iteration27_resource_flow.TestLeavesCreateDelete" name="test_admin_cannot_create_leave_without_resource_id" time="0.118" /><testcase classname="backend.tests.test_iteration27_resource_flow.TestLeavesCreateDelete" name="test_riley_can_delete_own_leave" time="0.120" /><testcase classname="backend.tests.test_iteration27_resource_flow.TestLeavesCreateDelete" name="test_riley_gets_403_deleting_another_users_leave" time="0.547" /><testcase classname="backend.tests.test_iteration27_resource_flow.TestTimesheetHistory" name="test_riley_history_shape" time="0.121" /><testcase classname="backend.tests.test_iteration27_resource_flow.TestTimesheetHistory" name="test_riley_history_resource_is_riley" time="0.104" /><testcase classname="backend.tests.test_iteration27_resource_flow.TestTimesheetHistory" name="test_riley_history_entries_scoped_to_her_resource" time="0.106" /><testcase classname="backend.tests.test_iteration27_resource_flow.TestTimesheetHistory" name="test_history_custom_weeks_param" time="0.105" /><testcase classname="backend.tests.test_iteration27_resource_flow.TestTimesheetHistory" name="test_admin_history_shape" time="0.111" /><testcase classname="backend.tests.test_iteration27_resource_flow.TestAdminRegression" name="test_admin_sees_all_allocations_count" time="0.112" /><testcase classname="backend.tests.test_iteration27_resource_flow.TestAdminRegression" name="test_admin_sees_all_leaves" time="0.105" /><testcase classname="backend.tests.test_iteration27_resource_flow.TestAdminRegression" name="test_admin_my_allocations_works" time="0.117" /></testsuite></testsuites>