<?xml version="1.0" encoding="utf-8"?><testsuites name="pytest tests"><testsuite name="pytest" errors="0" failures="1" skipped="0" tests="12" time="6.399" timestamp="2026-07-20T02:25:40.853095+00:00" hostname="agent-env-41497d46-c1e5-4127-a85c-96495d9c6195"><testcase classname="test_iteration21_lead_permissions.TestLeadRestAllow" name="test_lead_can_update_own_project_budget" time="0.478" /><testcase classname="test_iteration21_lead_permissions.TestLeadRestDeny" name="test_lead_cannot_update_other_project" time="0.009" /><testcase classname="test_iteration21_lead_permissions.TestLeadRisks" name="test_lead_can_create_update_delete_risk" time="0.015" /><testcase classname="test_iteration21_lead_permissions.TestLeadStatusUpdates" name="test_lead_can_create_and_edit_status_update" time="0.294" /><testcase classname="test_iteration21_lead_permissions.TestLeadReschedule" name="test_lead_can_reschedule_own_project" time="0.006"><failure message="AssertionError: Reschedule forward failed: 403 {&quot;detail&quot;:&quot;Admin access required&quot;}&#10;assert 403 == 200&#10; +  where 403 = &lt;Response [403]&gt;.status_code">/app/backend/tests/test_iteration21_lead_permissions.py:257: in test_lead_can_reschedule_own_project
    assert r.status_code == 200, f"Reschedule forward failed: {r.status_code} {r.text}"
E   AssertionError: Reschedule forward failed: 403 {"detail":"Admin access required"}
E   assert 403 == 200
E    +  where 403 = &lt;Response [403]&gt;.status_code</failure></testcase><testcase classname="test_iteration21_lead_permissions.TestLeadAiActionAllow" name="test_lead_add_risk_via_execute_action" time="2.579" /><testcase classname="test_iteration21_lead_permissions.TestLeadAiActionDenyOtherProject" name="test_lead_add_risk_on_other_project_denied" time="0.004" /><testcase classname="test_iteration21_lead_permissions.TestLeadAiActionDenyNonWhitelisted" name="test_lead_create_allocation_denied" time="0.002" /><testcase classname="test_iteration21_lead_permissions.TestLeadAiChatE2E" name="test_lead_chat_creates_status_update" time="2.602" /><testcase classname="test_iteration21_lead_permissions.TestClientReadOnly" name="test_client_add_risk_still_denied" time="0.228" /><testcase classname="test_iteration21_lead_permissions.TestAdminRegression" name="test_admin_can_still_update_any_project" time="0.009" /><testcase classname="test_iteration21_lead_permissions.TestPureResourceBlocked" name="test_non_lead_resource_blocked_when_lead_removed" time="0.008" /></testsuite></testsuites>