<?xml version="1.0" encoding="utf-8"?><testsuites name="pytest tests"><testsuite name="pytest" errors="0" failures="0" skipped="0" tests="9" time="10.886" timestamp="2026-03-30T00:05:36.023176+00:00" hostname="agent-env-b347456a-8104-41a1-a976-18da56d46558"><testcase classname="backend.tests.test_ai_chat.TestAIChatBackend" name="test_01_login_super_admin" time="0.472" /><testcase classname="backend.tests.test_ai_chat.TestAIChatBackend" name="test_02_send_chat_message_new_session" time="2.778" /><testcase classname="backend.tests.test_ai_chat.TestAIChatBackend" name="test_03_send_followup_message" time="4.759" /><testcase classname="backend.tests.test_ai_chat.TestAIChatBackend" name="test_04_get_chat_sessions" time="0.145" /><testcase classname="backend.tests.test_ai_chat.TestAIChatBackend" name="test_05_get_specific_session" time="0.158" /><testcase classname="backend.tests.test_ai_chat.TestAIChatBackend" name="test_06_delete_session" time="0.239" /><testcase classname="backend.tests.test_ai_chat.TestAIChatBackend" name="test_07_chat_without_auth" time="0.112" /><testcase classname="backend.tests.test_ai_chat.TestAIChatBackend" name="test_08_get_sessions_without_auth" time="0.132" /><testcase classname="backend.tests.test_ai_chat.TestResourceUserChat" name="test_resource_user_can_chat" time="2.013" /></testsuite></testsuites>