<?xml version="1.0" encoding="utf-8"?><testsuites name="pytest tests"><testsuite name="pytest" errors="0" failures="0" skipped="0" tests="11" time="1.754" timestamp="2026-02-11T13:51:24.005021+00:00" hostname="agent-env-e5162248-8d8b-44f1-8f70-848e1a324fad"><testcase classname="tests.test_iteration7_ai_endpoints.TestMigratePhaseIds" name="test_migrate_phase_ids_success" time="0.878" /><testcase classname="tests.test_iteration7_ai_endpoints.TestTimesheetInsightsEndpoint" name="test_timesheet_insights_basic" time="0.043" /><testcase classname="tests.test_iteration7_ai_endpoints.TestTimesheetInsightsEndpoint" name="test_timesheet_insights_with_project_filter" time="0.089" /><testcase classname="tests.test_iteration7_ai_endpoints.TestPlanAllocationEndpoint" name="test_plan_allocation_basic" time="0.042" /><testcase classname="tests.test_iteration7_ai_endpoints.TestPlanAllocationEndpoint" name="test_plan_allocation_with_date_range" time="0.042" /><testcase classname="tests.test_iteration7_ai_endpoints.TestMoveProjectPhaseEndpoint" name="test_move_phase_basic" time="0.103" /><testcase classname="tests.test_iteration7_ai_endpoints.TestMoveProjectPhaseEndpoint" name="test_move_phase_invalid_phase_name" time="0.042" /><testcase classname="tests.test_iteration7_ai_endpoints.TestMoveProjectPhaseEndpoint" name="test_move_phase_no_shift" time="0.040" /><testcase classname="tests.test_iteration7_ai_endpoints.TestProjectStatusFields" name="test_projects_have_status_fields" time="0.044" /><testcase classname="tests.test_iteration7_ai_endpoints.TestProjectStatusFields" name="test_project_detail_has_status" time="0.042" /><testcase classname="tests.test_iteration7_ai_endpoints.TestLoginCredentials" name="test_login_don_ddconsult" time="0.268" /></testsuite></testsuites>