<?xml version="1.0" encoding="utf-8"?><testsuites name="pytest tests"><testsuite name="pytest" errors="0" failures="0" skipped="0" tests="12" time="37.012" timestamp="2026-02-28T12:23:58.501770+00:00" hostname="agent-env-b347456a-8104-41a1-a976-18da56d46558"><testcase classname="backend.tests.test_reports_api.TestReportsAPI" name="test_auth_login_super_admin" time="0.531" /><testcase classname="backend.tests.test_reports_api.TestReportsAPI" name="test_planned_vs_actual_overview_returns_200" time="0.567" /><testcase classname="backend.tests.test_reports_api.TestReportsAPI" name="test_planned_vs_actual_overview_structure" time="0.563" /><testcase classname="backend.tests.test_reports_api.TestReportsAPI" name="test_planned_vs_actual_project_row_structure" time="0.522" /><testcase classname="backend.tests.test_reports_api.TestReportsAPI" name="test_portfolio_budget_analysis_returns_200" time="7.440" /><testcase classname="backend.tests.test_reports_api.TestReportsAPI" name="test_portfolio_budget_analysis_structure" time="9.213" /><testcase classname="backend.tests.test_reports_api.TestReportsAPI" name="test_alert_structure" time="8.579" /><testcase classname="backend.tests.test_reports_api.TestReportsAPI" name="test_recommendation_structure" time="7.695" /><testcase classname="backend.tests.test_reports_api.TestReportsAPIRoleAccess" name="test_resource_user_can_access_overview" time="0.558" /><testcase classname="backend.tests.test_reports_api.TestReportsAPIRoleAccess" name="test_unauthenticated_user_blocked" time="0.149" /><testcase classname="backend.tests.test_reports_api.TestSummaryCardData" name="test_summary_totals_match_project_sum" time="0.519" /><testcase classname="backend.tests.test_reports_api.TestSummaryCardData" name="test_health_counts_match" time="0.543" /></testsuite></testsuites>