<?xml version="1.0" encoding="utf-8"?><testsuites name="pytest tests"><testsuite name="pytest" errors="0" failures="0" skipped="0" tests="27" time="12.387" timestamp="2026-04-25T02:24:45.315660+00:00" hostname="agent-env-a8705ecd-1c0a-4148-8102-829a00e657b2"><testcase classname="backend.tests.test_refactor_iter17.TestAuth" name="test_login_super_admin" time="0.424" /><testcase classname="backend.tests.test_refactor_iter17.TestAuth" name="test_auth_me" time="0.492" /><testcase classname="backend.tests.test_refactor_iter17.TestAuth" name="test_login_bad_password" time="0.351" /><testcase classname="backend.tests.test_refactor_iter17.TestCoreListEndpoints" name="test_get_projects" time="0.121" /><testcase classname="backend.tests.test_refactor_iter17.TestCoreListEndpoints" name="test_get_resources" time="0.136" /><testcase classname="backend.tests.test_refactor_iter17.TestCoreListEndpoints" name="test_get_allocations" time="0.110" /><testcase classname="backend.tests.test_refactor_iter17.TestCoreListEndpoints" name="test_get_status_options" time="0.107" /><testcase classname="backend.tests.test_refactor_iter17.TestReports" name="test_planned_vs_actual_overview" time="0.118" /><testcase classname="backend.tests.test_refactor_iter17.TestSettings" name="test_get_ai_settings" time="0.114" /><testcase classname="backend.tests.test_refactor_iter17.TestNotifications" name="test_get_notifications" time="0.102" /><testcase classname="backend.tests.test_refactor_iter17.TestAIChat" name="test_get_chat_sessions" time="0.117" /><testcase classname="backend.tests.test_refactor_iter17.TestAIChat" name="test_post_chat_message" time="2.881" /><testcase classname="backend.tests.test_refactor_iter17.TestProjectSubResources" name="test_get_project_risks" time="0.151" /><testcase classname="backend.tests.test_refactor_iter17.TestProjectSubResources" name="test_get_project_allocations" time="0.115" /><testcase classname="backend.tests.test_iteration16.TestRiskCRUD" name="test_create_single_risk" time="0.444" /><testcase classname="backend.tests.test_iteration16.TestRiskCRUD" name="test_update_risk_status_transitions" time="0.239" /><testcase classname="backend.tests.test_iteration16.TestRiskCRUD" name="test_delete_risk" time="0.240" /><testcase classname="backend.tests.test_iteration16.TestStatusUpdate" name="test_status_update_without_actual_progress" time="0.417" /><testcase classname="backend.tests.test_iteration16.TestStatusUpdate" name="test_blocker_auto_promoted_to_issue" time="0.111" /><testcase classname="backend.tests.test_iteration16.TestStatusUpdate" name="test_blocker_dedup_on_second_submit" time="0.540" /><testcase classname="backend.tests.test_iteration16.TestStatusUpdate" name="test_status_update_with_inline_new_risks" time="0.556" /><testcase classname="backend.tests.test_iteration16.TestStatusUpdate" name="test_cleanup_promoted_and_inline" time="0.239" /><testcase classname="backend.tests.test_iteration16.TestAIActions" name="test_action_add_risk_with_new_fields" time="0.224" /><testcase classname="backend.tests.test_iteration16.TestAIActions" name="test_action_update_risk_status" time="0.222" /><testcase classname="backend.tests.test_iteration16.TestAIActions" name="test_action_create_status_update" time="0.233" /><testcase classname="backend.tests.test_iteration16.TestAIActions" name="test_cleanup_ai" time="0.238" /><testcase classname="backend.tests.test_iteration16.TestAIChatContext" name="test_chat_references_blockers" time="3.286" /></testsuite></testsuites>