<?xml version="1.0" encoding="utf-8"?><testsuites name="pytest tests"><testsuite name="pytest" errors="0" failures="0" skipped="0" tests="11" time="15.182" timestamp="2026-03-30T01:08:48.635720+00:00" hostname="agent-env-b347456a-8104-41a1-a976-18da56d46558"><testcase classname="backend.tests.test_ai_chat_actions.TestExecuteActionBackend" name="test_01_login_super_admin" time="0.402" /><testcase classname="backend.tests.test_ai_chat_actions.TestExecuteActionBackend" name="test_02_execute_set_project_lead" time="0.625" /><testcase classname="backend.tests.test_ai_chat_actions.TestExecuteActionBackend" name="test_03_execute_create_allocation" time="0.139" /><testcase classname="backend.tests.test_ai_chat_actions.TestExecuteActionBackend" name="test_04_execute_add_risk" time="0.128" /><testcase classname="backend.tests.test_ai_chat_actions.TestExecuteActionBackend" name="test_05_execute_update_project_status" time="0.307" /><testcase classname="backend.tests.test_ai_chat_actions.TestExecuteActionBackend" name="test_06_execute_unknown_action" time="0.115" /><testcase classname="backend.tests.test_ai_chat_actions.TestExecuteActionBackend" name="test_07_projects_without_lead_dont_crash" time="0.104" /><testcase classname="backend.tests.test_ai_chat_actions.TestExecuteActionBackend" name="test_08_execute_action_without_auth" time="0.146" /><testcase classname="backend.tests.test_ai_chat_actions.TestExecuteActionBackend" name="test_09_cleanup_test_data" time="0.239" /><testcase classname="backend.tests.test_ai_chat_actions.TestAIChatWithActions" name="test_chat_analysis_query" time="10.231" /><testcase classname="backend.tests.test_ai_chat_actions.TestAIChatWithActions" name="test_chat_action_query" time="2.635" /></testsuite></testsuites>