<?xml version="1.0" encoding="utf-8"?><testsuites name="pytest tests"><testsuite name="pytest" errors="0" failures="0" skipped="0" tests="13" time="7.086" timestamp="2026-04-24T13:40:34.632394+00:00" hostname="agent-env-b5e175c7-9fde-4720-9ee1-a767c2a1c3b6"><testcase classname="backend.tests.test_iteration16.TestRiskCRUD" name="test_create_single_risk" time="0.630" /><testcase classname="backend.tests.test_iteration16.TestRiskCRUD" name="test_update_risk_status_transitions" time="0.299" /><testcase classname="backend.tests.test_iteration16.TestRiskCRUD" name="test_delete_risk" time="0.256" /><testcase classname="backend.tests.test_iteration16.TestStatusUpdate" name="test_status_update_without_actual_progress" time="0.648" /><testcase classname="backend.tests.test_iteration16.TestStatusUpdate" name="test_blocker_auto_promoted_to_issue" time="0.111" /><testcase classname="backend.tests.test_iteration16.TestStatusUpdate" name="test_blocker_dedup_on_second_submit" time="0.590" /><testcase classname="backend.tests.test_iteration16.TestStatusUpdate" name="test_status_update_with_inline_new_risks" time="0.655" /><testcase classname="backend.tests.test_iteration16.TestStatusUpdate" name="test_cleanup_promoted_and_inline" time="0.230" /><testcase classname="backend.tests.test_iteration16.TestAIActions" name="test_action_add_risk_with_new_fields" time="0.234" /><testcase classname="backend.tests.test_iteration16.TestAIActions" name="test_action_update_risk_status" time="0.222" /><testcase classname="backend.tests.test_iteration16.TestAIActions" name="test_action_create_status_update" time="0.222" /><testcase classname="backend.tests.test_iteration16.TestAIActions" name="test_cleanup_ai" time="0.239" /><testcase classname="backend.tests.test_iteration16.TestAIChatContext" name="test_chat_references_blockers" time="2.701" /></testsuite></testsuites>