<?xml version="1.0" encoding="utf-8"?><testsuites name="pytest tests"><testsuite name="pytest" errors="0" failures="0" skipped="0" tests="4" time="5.283" timestamp="2026-04-28T12:13:36.489661+00:00" hostname="agent-env-48ac098d-88f1-41a1-bca5-ad86a8be12ae"><testcase classname="backend.tests.test_ai_chat_create_project" name="test_health_and_emergent_key_set" time="0.004" /><testcase classname="backend.tests.test_ai_chat_create_project" name="test_ai_chat_create_project_and_persists" time="3.893" /><testcase classname="backend.tests.test_ai_chat_create_project" name="test_ai_chat_undo_endpoint_available" time="1.328" /><testcase classname="backend.tests.test_ai_chat_create_project" name="test_regex_matches_both_action_and_json_blocks" time="0.000" /></testsuite></testsuites>