<?xml version="1.0" encoding="utf-8"?><testsuites name="pytest tests"><testsuite name="pytest" errors="0" failures="0" skipped="0" tests="10" time="0.959" timestamp="2026-02-12T11:43:11.418908+00:00" hostname="agent-env-e5162248-8d8b-44f1-8f70-848e1a324fad"><testcase classname="tests.test_iteration8_add_timesheet_entry.TestLoginWithDon" name="test_login_super_admin" time="0.282" /><testcase classname="tests.test_iteration8_add_timesheet_entry.TestGetMyResourceEndpoint" name="test_get_my_resource_returns_don" time="0.303" /><testcase classname="tests.test_iteration8_add_timesheet_entry.TestGetProjectsWithPhases" name="test_get_projects_with_phases" time="0.038" /><testcase classname="tests.test_iteration8_add_timesheet_entry.TestCreateTimesheetEntry" name="test_create_timesheet_entry_success" time="0.103" /><testcase classname="tests.test_iteration8_add_timesheet_entry.TestCreateTimesheetEntry" name="test_create_timesheet_without_phase_id_fails" time="0.036" /><testcase classname="tests.test_iteration8_add_timesheet_entry.TestGetMyWeekTimesheets" name="test_get_timesheets_for_current_week" time="0.035" /><testcase classname="tests.test_iteration8_add_timesheet_entry.TestPrefillStillWorks" name="test_auto_fill_timesheets" time="0.036" /><testcase classname="tests.test_iteration8_add_timesheet_entry.TestGetResources" name="test_get_all_resources" time="0.034" /><testcase classname="tests.test_iteration8_add_timesheet_entry.TestTimesheetUpdateAllowedCheck" name="test_can_update_timesheet" time="0.044" /><testcase classname="tests.test_iteration8_add_timesheet_entry.TestCleanupMarker" name="test_marker_for_cleanup" time="0.000" /></testsuite></testsuites>