<?xml version="1.0" encoding="utf-8"?><testsuites name="pytest tests"><testsuite name="pytest" errors="0" failures="0" skipped="0" tests="12" time="6.042" timestamp="2026-03-29T23:52:33.400314+00:00" hostname="agent-env-b347456a-8104-41a1-a976-18da56d46558"><testcase classname="backend.tests.test_iteration13.TestAuth" name="test_super_admin_login" time="0.437" /><testcase classname="backend.tests.test_iteration13.TestAuth" name="test_resource_login" time="0.326" /><testcase classname="backend.tests.test_iteration13.TestRoleBasedProjectFiltering" name="test_super_admin_sees_all_projects" time="0.458" /><testcase classname="backend.tests.test_iteration13.TestRoleBasedProjectFiltering" name="test_resource_sees_only_allocated_projects" time="0.444" /><testcase classname="backend.tests.test_iteration13.TestRoleBasedProjectFiltering" name="test_resource_project_count_differs_from_admin" time="0.910" /><testcase classname="backend.tests.test_iteration13.TestProjectLeadAndDriveUrl" name="test_projects_have_lead_fields" time="0.460" /><testcase classname="backend.tests.test_iteration13.TestProjectLeadAndDriveUrl" name="test_single_project_has_lead_fields" time="0.565" /><testcase classname="backend.tests.test_iteration13.TestAISettingsRestriction" name="test_super_admin_can_get_ai_settings" time="0.439" /><testcase classname="backend.tests.test_iteration13.TestAISettingsRestriction" name="test_resource_cannot_get_ai_settings" time="0.475" /><testcase classname="backend.tests.test_iteration13.TestAISettingsRestriction" name="test_resource_cannot_put_ai_settings" time="0.485" /><testcase classname="backend.tests.test_iteration13.TestContractorRole" name="test_users_endpoint_returns_roles" time="0.546" /><testcase classname="backend.tests.test_iteration13.TestDashboardStatusGrouping" name="test_projects_have_status_field" time="0.429" /></testsuite></testsuites>