<?xml version="1.0" encoding="utf-8"?><testsuites name="pytest tests"><testsuite name="pytest" errors="0" failures="1" skipped="2" tests="4" time="1.234" timestamp="2026-07-30T05:05:13.335660+00:00" hostname="agent-env-1c6bf447-8453-46a6-8247-6c9df4434ea1"><testcase classname="backend.tests.test_timesheet_update" name="test_login_riley" time="0.343" /><testcase classname="backend.tests.test_timesheet_update" name="test_riley_can_update_own_draft" time="0.322"><failure message="AssertionError: planned_hours not persisted (backend TimesheetUpdate schema missing field): {'id': '6a6adb4dfc57b5673c9aed0c', 'resource_id': '6a5d78c7b9384e8caf2ecdba', 'project_id': '6a5d4ac2ad5ecf8fe70d55b4', 'phase_id': '96de4e86-cb8d-4ed3-8229-b97913b40cc5', 'week_start_date': '2026-07-27T00:00:00', 'week_end_date': '2026-07-31T00:00:00', 'planned_hours': 5.0, 'actual_hours': 4.25, 'variance_hours': -0.75, 'variance_percentage': -15.0, 'notes': 'TEST_updated_via_pytest', 'status': 'Draft', 'auto_filled': False, 'modified_by_user': True, 'submitted_at': None, 'created_at': '2026-07-30T05:04:13.868000', 'task_id': None, 'task_name': None}&#10;assert 5.0 == 3.5">E   AssertionError: planned_hours not persisted (backend TimesheetUpdate schema missing field): {'id': '6a6adb4dfc57b5673c9aed0c', 'resource_id': '6a5d78c7b9384e8caf2ecdba', 'project_id': '6a5d4ac2ad5ecf8fe70d55b4', 'phase_id': '96de4e86-cb8d-4ed3-8229-b97913b40cc5', 'week_start_date': '2026-07-27T00:00:00', 'week_end_date': '2026-07-31T00:00:00', 'planned_hours': 5.0, 'actual_hours': 4.25, 'variance_hours': -0.75, 'variance_percentage': -15.0, 'notes': 'TEST_updated_via_pytest', 'status': 'Draft', 'auto_filled': False, 'modified_by_user': True, 'submitted_at': None, 'created_at': '2026-07-30T05:04:13.868000', 'task_id': None, 'task_name': None}
    assert 5.0 == 3.5</failure></testcase><testcase classname="backend.tests.test_timesheet_update" name="test_riley_cannot_update_submitted" time="0.100"><skipped type="pytest.skip" message="No Submitted/Approved entry available to test rejection">/app/backend/tests/test_timesheet_update.py:133: No Submitted/Approved entry available to test rejection</skipped></testcase><testcase classname="backend.tests.test_timesheet_update" name="test_riley_cannot_update_others_entry" time="0.415"><skipped type="pytest.skip" message="can't list all timesheets: 405">/app/backend/tests/test_timesheet_update.py:145: can't list all timesheets: 405</skipped></testcase></testsuite></testsuites>