<?xml version="1.0" encoding="utf-8"?><testsuites name="pytest tests"><testsuite name="pytest" errors="0" failures="0" skipped="0" tests="12" time="3.762" timestamp="2026-08-03T12:33:58.153764+00:00" hostname="agent-env-a1d48eb9-4baf-44a0-bdd8-21d914c976c8"><testcase classname="tests.test_wbs_project_lead" name="test_lead_can_create_wbs_task" time="0.808" /><testcase classname="tests.test_wbs_project_lead" name="test_lead_can_update_wbs_task" time="0.240" /><testcase classname="tests.test_wbs_project_lead" name="test_lead_can_delete_wbs_task" time="0.212" /><testcase classname="tests.test_wbs_project_lead" name="test_non_lead_cannot_create_wbs_task" time="0.421" /><testcase classname="tests.test_wbs_project_lead" name="test_non_lead_cannot_update_wbs_task" time="0.234" /><testcase classname="tests.test_wbs_project_lead" name="test_non_lead_cannot_delete_wbs_task" time="0.232" /><testcase classname="tests.test_wbs_project_lead" name="test_admin_can_create_wbs_task" time="0.128" /><testcase classname="tests.test_wbs_project_lead" name="test_lead_can_recalculate_dates" time="0.103" /><testcase classname="tests.test_wbs_project_lead" name="test_lead_can_set_baseline" time="0.109" /><testcase classname="tests.test_wbs_project_lead" name="test_lead_can_sync_dates_from_wbs" time="0.106" /><testcase classname="tests.test_wbs_project_lead" name="test_non_lead_cannot_recalculate_dates" time="0.098" /><testcase classname="tests.test_wbs_project_lead" name="test_lead_can_complete_milestone_and_set_task_baseline" time="1.014" /></testsuite></testsuites>